  Camera.cpp
  PhongFace.cpp
c:\users\toaster 3.0\desktop\graphics\apps\phongface.cpp(20): warning C4305: 'argument': truncation from 'double' to 'float'
c:\users\toaster 3.0\desktop\graphics\apps\phongface.cpp(21): warning C4305: 'argument': truncation from 'double' to 'float'
c:\users\toaster 3.0\desktop\graphics\apps\phongface.cpp(22): warning C4305: 'argument': truncation from 'double' to 'float'
c:\users\toaster 3.0\desktop\graphics\apps\phongface.cpp(23): warning C4305: 'argument': truncation from 'double' to 'float'
c:\users\toaster 3.0\desktop\graphics\apps\phongface.cpp(24): warning C4305: 'argument': truncation from 'double' to 'float'
c:\users\toaster 3.0\desktop\graphics\apps\phongface.cpp(25): warning C4305: 'argument': truncation from 'double' to 'float'
c:\users\toaster 3.0\desktop\graphics\apps\phongface.cpp(26): warning C4305: 'argument': truncation from 'double' to 'float'
c:\users\toaster 3.0\desktop\graphics\apps\phongface.cpp(27): warning C4305: 'argument': truncation from 'double' to 'float'
c:\users\toaster 3.0\desktop\graphics\apps\phongface.cpp(28): warning C4305: 'argument': truncation from 'double' to 'float'
c:\users\toaster 3.0\desktop\graphics\apps\phongface.cpp(29): warning C4305: 'argument': truncation from 'double' to 'float'
c:\users\toaster 3.0\desktop\graphics\apps\phongface.cpp(30): warning C4305: 'argument': truncation from 'double' to 'float'
c:\users\toaster 3.0\desktop\graphics\apps\phongface.cpp(31): warning C4305: 'argument': truncation from 'double' to 'float'
c:\users\toaster 3.0\desktop\graphics\apps\phongface.cpp(32): warning C4305: 'argument': truncation from 'double' to 'float'
c:\users\toaster 3.0\desktop\graphics\apps\phongface.cpp(33): warning C4305: 'argument': truncation from 'double' to 'float'
c:\users\toaster 3.0\desktop\graphics\apps\phongface.cpp(34): warning C4305: 'argument': truncation from 'double' to 'float'
c:\users\toaster 3.0\desktop\graphics\apps\phongface.cpp(35): warning C4305: 'argument': truncation from 'double' to 'float'
c:\users\toaster 3.0\desktop\graphics\apps\phongface.cpp(36): warning C4305: 'argument': truncation from 'double' to 'float'
c:\users\toaster 3.0\desktop\graphics\apps\phongface.cpp(37): warning C4305: 'argument': truncation from 'double' to 'float'
c:\users\toaster 3.0\desktop\graphics\apps\phongface.cpp(38): warning C4305: 'argument': truncation from 'double' to 'float'
c:\users\toaster 3.0\desktop\graphics\apps\phongface.cpp(39): warning C4305: 'argument': truncation from 'double' to 'float'
c:\users\toaster 3.0\desktop\graphics\apps\phongface.cpp(40): warning C4305: 'argument': truncation from 'double' to 'float'
c:\users\toaster 3.0\desktop\graphics\apps\phongface.cpp(41): warning C4305: 'argument': truncation from 'double' to 'float'
c:\users\toaster 3.0\desktop\graphics\apps\phongface.cpp(42): warning C4305: 'argument': truncation from 'double' to 'float'
c:\users\toaster 3.0\desktop\graphics\apps\phongface.cpp(43): warning C4305: 'argument': truncation from 'double' to 'float'
c:\users\toaster 3.0\desktop\graphics\apps\phongface.cpp(44): warning C4305: 'argument': truncation from 'double' to 'float'
c:\users\toaster 3.0\desktop\graphics\apps\phongface.cpp(45): warning C4305: 'argument': truncation from 'double' to 'float'
c:\users\toaster 3.0\desktop\graphics\apps\phongface.cpp(46): warning C4305: 'argument': truncation from 'double' to 'float'
c:\users\toaster 3.0\desktop\graphics\apps\phongface.cpp(47): warning C4305: 'argument': truncation from 'double' to 'float'
c:\users\toaster 3.0\desktop\graphics\apps\phongface.cpp(48): warning C4305: 'argument': truncation from 'double' to 'float'
c:\users\toaster 3.0\desktop\graphics\apps\phongface.cpp(49): warning C4305: 'argument': truncation from 'double' to 'float'
c:\users\toaster 3.0\desktop\graphics\apps\phongface.cpp(50): warning C4305: 'argument': truncation from 'double' to 'float'
c:\users\toaster 3.0\desktop\graphics\apps\phongface.cpp(51): warning C4305: 'argument': truncation from 'double' to 'float'
c:\users\toaster 3.0\desktop\graphics\apps\phongface.cpp(52): warning C4305: 'argument': truncation from 'double' to 'float'
c:\users\toaster 3.0\desktop\graphics\apps\phongface.cpp(53): warning C4305: 'argument': truncation from 'double' to 'float'
c:\users\toaster 3.0\desktop\graphics\apps\phongface.cpp(54): warning C4305: 'argument': truncation from 'double' to 'float'
c:\users\toaster 3.0\desktop\graphics\apps\phongface.cpp(55): warning C4305: 'argument': truncation from 'double' to 'float'
c:\users\toaster 3.0\desktop\graphics\apps\phongface.cpp(56): warning C4305: 'argument': truncation from 'double' to 'float'
c:\users\toaster 3.0\desktop\graphics\apps\phongface.cpp(57): warning C4305: 'argument': truncation from 'double' to 'float'
c:\users\toaster 3.0\desktop\graphics\apps\phongface.cpp(58): warning C4305: 'argument': truncation from 'double' to 'float'
c:\users\toaster 3.0\desktop\graphics\apps\phongface.cpp(59): warning C4305: 'argument': truncation from 'double' to 'float'
c:\users\toaster 3.0\desktop\graphics\apps\phongface.cpp(60): warning C4305: 'argument': truncation from 'double' to 'float'
c:\users\toaster 3.0\desktop\graphics\apps\phongface.cpp(61): warning C4305: 'argument': truncation from 'double' to 'float'
c:\users\toaster 3.0\desktop\graphics\apps\phongface.cpp(62): warning C4305: 'argument': truncation from 'double' to 'float'
c:\users\toaster 3.0\desktop\graphics\apps\phongface.cpp(63): warning C4305: 'argument': truncation from 'double' to 'float'
c:\users\toaster 3.0\desktop\graphics\apps\phongface.cpp(64): warning C4305: 'argument': truncation from 'double' to 'float'
c:\users\toaster 3.0\desktop\graphics\apps\phongface.cpp(65): warning C4305: 'argument': truncation from 'double' to 'float'
c:\users\toaster 3.0\desktop\graphics\apps\phongface.cpp(66): warning C4305: 'argument': truncation from 'double' to 'float'
c:\users\toaster 3.0\desktop\graphics\apps\phongface.cpp(67): warning C4305: 'argument': truncation from 'double' to 'float'
c:\users\toaster 3.0\desktop\graphics\apps\phongface.cpp(68): warning C4305: 'argument': truncation from 'double' to 'float'
c:\users\toaster 3.0\desktop\graphics\apps\phongface.cpp(69): warning C4305: 'argument': truncation from 'double' to 'float'
c:\users\toaster 3.0\desktop\graphics\apps\phongface.cpp(70): warning C4305: 'argument': truncation from 'double' to 'float'
c:\users\toaster 3.0\desktop\graphics\apps\phongface.cpp(71): warning C4305: 'argument': truncation from 'double' to 'float'
c:\users\toaster 3.0\desktop\graphics\apps\phongface.cpp(72): warning C4305: 'argument': truncation from 'double' to 'float'
c:\users\toaster 3.0\desktop\graphics\apps\phongface.cpp(73): warning C4305: 'argument': truncation from 'double' to 'float'
c:\users\toaster 3.0\desktop\graphics\apps\phongface.cpp(74): warning C4305: 'argument': truncation from 'double' to 'float'
c:\users\toaster 3.0\desktop\graphics\apps\phongface.cpp(75): warning C4305: 'argument': truncation from 'double' to 'float'
c:\users\toaster 3.0\desktop\graphics\apps\phongface.cpp(76): warning C4305: 'argument': truncation from 'double' to 'float'
c:\users\toaster 3.0\desktop\graphics\apps\phongface.cpp(77): warning C4305: 'argument': truncation from 'double' to 'float'
c:\users\toaster 3.0\desktop\graphics\apps\phongface.cpp(78): warning C4305: 'argument': truncation from 'double' to 'float'
c:\users\toaster 3.0\desktop\graphics\apps\phongface.cpp(79): warning C4305: 'argument': truncation from 'double' to 'float'
c:\users\toaster 3.0\desktop\graphics\apps\phongface.cpp(80): warning C4305: 'argument': truncation from 'double' to 'float'
c:\users\toaster 3.0\desktop\graphics\apps\phongface.cpp(81): warning C4305: 'argument': truncation from 'double' to 'float'
c:\users\toaster 3.0\desktop\graphics\apps\phongface.cpp(82): warning C4305: 'argument': truncation from 'double' to 'float'
c:\users\toaster 3.0\desktop\graphics\apps\phongface.cpp(83): warning C4305: 'argument': truncation from 'double' to 'float'
c:\users\toaster 3.0\desktop\graphics\apps\phongface.cpp(84): warning C4305: 'argument': truncation from 'double' to 'float'
c:\users\toaster 3.0\desktop\graphics\apps\phongface.cpp(85): warning C4305: 'argument': truncation from 'double' to 'float'
c:\users\toaster 3.0\desktop\graphics\apps\phongface.cpp(86): warning C4305: 'argument': truncation from 'double' to 'float'
c:\users\toaster 3.0\desktop\graphics\apps\phongface.cpp(87): warning C4305: 'argument': truncation from 'double' to 'float'
c:\users\toaster 3.0\desktop\graphics\apps\phongface.cpp(88): warning C4305: 'argument': truncation from 'double' to 'float'
c:\users\toaster 3.0\desktop\graphics\apps\phongface.cpp(89): warning C4305: 'argument': truncation from 'double' to 'float'
c:\users\toaster 3.0\desktop\graphics\apps\phongface.cpp(90): warning C4305: 'argument': truncation from 'double' to 'float'
c:\users\toaster 3.0\desktop\graphics\apps\phongface.cpp(91): warning C4305: 'argument': truncation from 'double' to 'float'
c:\users\toaster 3.0\desktop\graphics\apps\phongface.cpp(92): warning C4305: 'argument': truncation from 'double' to 'float'
c:\users\toaster 3.0\desktop\graphics\apps\phongface.cpp(93): warning C4305: 'argument': truncation from 'double' to 'float'
c:\users\toaster 3.0\desktop\graphics\apps\phongface.cpp(94): warning C4305: 'argument': truncation from 'double' to 'float'
c:\users\toaster 3.0\desktop\graphics\apps\phongface.cpp(95): warning C4305: 'argument': truncation from 'double' to 'float'
c:\users\toaster 3.0\desktop\graphics\apps\phongface.cpp(96): warning C4305: 'argument': truncation from 'double' to 'float'
c:\users\toaster 3.0\desktop\graphics\apps\phongface.cpp(97): warning C4305: 'argument': truncation from 'double' to 'float'
c:\users\toaster 3.0\desktop\graphics\apps\phongface.cpp(98): warning C4305: 'argument': truncation from 'double' to 'float'
c:\users\toaster 3.0\desktop\graphics\apps\phongface.cpp(99): warning C4305: 'argument': truncation from 'double' to 'float'
c:\users\toaster 3.0\desktop\graphics\apps\phongface.cpp(100): warning C4305: 'argument': truncation from 'double' to 'float'
c:\users\toaster 3.0\desktop\graphics\apps\phongface.cpp(101): warning C4305: 'argument': truncation from 'double' to 'float'
c:\users\toaster 3.0\desktop\graphics\apps\phongface.cpp(102): warning C4305: 'argument': truncation from 'double' to 'float'
c:\users\toaster 3.0\desktop\graphics\apps\phongface.cpp(103): warning C4305: 'argument': truncation from 'double' to 'float'
c:\users\toaster 3.0\desktop\graphics\apps\phongface.cpp(104): warning C4305: 'argument': truncation from 'double' to 'float'
c:\users\toaster 3.0\desktop\graphics\apps\phongface.cpp(105): warning C4305: 'argument': truncation from 'double' to 'float'
c:\users\toaster 3.0\desktop\graphics\apps\phongface.cpp(106): warning C4305: 'argument': truncation from 'double' to 'float'
c:\users\toaster 3.0\desktop\graphics\apps\phongface.cpp(107): warning C4305: 'argument': truncation from 'double' to 'float'
c:\users\toaster 3.0\desktop\graphics\apps\phongface.cpp(108): warning C4305: 'argument': truncation from 'double' to 'float'
c:\users\toaster 3.0\desktop\graphics\apps\phongface.cpp(109): warning C4305: 'argument': truncation from 'double' to 'float'
c:\users\toaster 3.0\desktop\graphics\apps\phongface.cpp(110): warning C4305: 'argument': truncation from 'double' to 'float'
c:\users\toaster 3.0\desktop\graphics\apps\phongface.cpp(111): warning C4305: 'argument': truncation from 'double' to 'float'
c:\users\toaster 3.0\desktop\graphics\apps\phongface.cpp(112): warning C4305: 'argument': truncation from 'double' to 'float'
c:\users\toaster 3.0\desktop\graphics\apps\phongface.cpp(113): warning C4305: 'argument': truncation from 'double' to 'float'
c:\users\toaster 3.0\desktop\graphics\apps\phongface.cpp(114): warning C4305: 'argument': truncation from 'double' to 'float'
c:\users\toaster 3.0\desktop\graphics\apps\phongface.cpp(115): warning C4305: 'argument': truncation from 'double' to 'float'
c:\users\toaster 3.0\desktop\graphics\apps\phongface.cpp(116): warning C4305: 'argument': truncation from 'double' to 'float'
c:\users\toaster 3.0\desktop\graphics\apps\phongface.cpp(117): warning C4305: 'argument': truncation from 'double' to 'float'
c:\users\toaster 3.0\desktop\graphics\apps\phongface.cpp(118): warning C4305: 'argument': truncation from 'double' to 'float'
c:\users\toaster 3.0\desktop\graphics\apps\phongface.cpp(119): warning C4305: 'argument': truncation from 'double' to 'float'
c:\users\toaster 3.0\desktop\graphics\apps\phongface.cpp(120): warning C4305: 'argument': truncation from 'double' to 'float'
c:\users\toaster 3.0\desktop\graphics\apps\phongface.cpp(121): warning C4305: 'argument': truncation from 'double' to 'float'
c:\users\toaster 3.0\desktop\graphics\apps\phongface.cpp(122): warning C4305: 'argument': truncation from 'double' to 'float'
c:\users\toaster 3.0\desktop\graphics\apps\phongface.cpp(123): warning C4305: 'argument': truncation from 'double' to 'float'
c:\users\toaster 3.0\desktop\graphics\apps\phongface.cpp(124): warning C4305: 'argument': truncation from 'double' to 'float'
c:\users\toaster 3.0\desktop\graphics\apps\phongface.cpp(125): warning C4305: 'argument': truncation from 'double' to 'float'
c:\users\toaster 3.0\desktop\graphics\apps\phongface.cpp(126): warning C4305: 'argument': truncation from 'double' to 'float'
c:\users\toaster 3.0\desktop\graphics\apps\phongface.cpp(127): warning C4305: 'argument': truncation from 'double' to 'float'
c:\users\toaster 3.0\desktop\graphics\apps\phongface.cpp(128): warning C4305: 'argument': truncation from 'double' to 'float'
c:\users\toaster 3.0\desktop\graphics\apps\phongface.cpp(129): warning C4305: 'argument': truncation from 'double' to 'float'
c:\users\toaster 3.0\desktop\graphics\apps\phongface.cpp(130): warning C4305: 'argument': truncation from 'double' to 'float'
c:\users\toaster 3.0\desktop\graphics\apps\phongface.cpp(131): warning C4305: 'argument': truncation from 'double' to 'float'
c:\users\toaster 3.0\desktop\graphics\apps\phongface.cpp(132): warning C4305: 'argument': truncation from 'double' to 'float'
c:\users\toaster 3.0\desktop\graphics\apps\phongface.cpp(133): warning C4305: 'argument': truncation from 'double' to 'float'
c:\users\toaster 3.0\desktop\graphics\apps\phongface.cpp(134): warning C4305: 'argument': truncation from 'double' to 'float'
c:\users\toaster 3.0\desktop\graphics\apps\phongface.cpp(135): warning C4305: 'argument': truncation from 'double' to 'float'
c:\users\toaster 3.0\desktop\graphics\apps\phongface.cpp(136): warning C4305: 'argument': truncation from 'double' to 'float'
c:\users\toaster 3.0\desktop\graphics\apps\phongface.cpp(137): warning C4305: 'argument': truncation from 'double' to 'float'
c:\users\toaster 3.0\desktop\graphics\apps\phongface.cpp(138): warning C4305: 'argument': truncation from 'double' to 'float'
c:\users\toaster 3.0\desktop\graphics\apps\phongface.cpp(139): warning C4305: 'argument': truncation from 'double' to 'float'
c:\users\toaster 3.0\desktop\graphics\apps\phongface.cpp(140): warning C4305: 'argument': truncation from 'double' to 'float'
c:\users\toaster 3.0\desktop\graphics\apps\phongface.cpp(141): warning C4305: 'argument': truncation from 'double' to 'float'
c:\users\toaster 3.0\desktop\graphics\apps\phongface.cpp(142): warning C4305: 'argument': truncation from 'double' to 'float'
c:\users\toaster 3.0\desktop\graphics\apps\phongface.cpp(143): warning C4305: 'argument': truncation from 'double' to 'float'
c:\users\toaster 3.0\desktop\graphics\apps\phongface.cpp(144): warning C4305: 'argument': truncation from 'double' to 'float'
c:\users\toaster 3.0\desktop\graphics\apps\phongface.cpp(145): warning C4305: 'argument': truncation from 'double' to 'float'
  Generating Code...
PhongFace.obj : error LNK2019: unresolved external symbol _glfwInit referenced in function _main
PhongFace.obj : error LNK2019: unresolved external symbol _glfwTerminate referenced in function _main
PhongFace.obj : error LNK2019: unresolved external symbol _glfwSetErrorCallback referenced in function _main
PhongFace.obj : error LNK2019: unresolved external symbol _glfwCreateWindow referenced in function _main
PhongFace.obj : error LNK2019: unresolved external symbol _glfwDestroyWindow referenced in function _main
PhongFace.obj : error LNK2019: unresolved external symbol _glfwWindowShouldClose referenced in function _main
PhongFace.obj : error LNK2019: unresolved external symbol _glfwSetWindowShouldClose referenced in function "void __cdecl Keyboard(struct GLFWwindow *,int,int,int,int)" (?Keyboard@@YAXPAUGLFWwindow@@HHHH@Z)
PhongFace.obj : error LNK2019: unresolved external symbol _glfwPollEvents referenced in function _main
PhongFace.obj : error LNK2019: unresolved external symbol _glfwGetMouseButton referenced in function "void __cdecl MouseMove(struct GLFWwindow *,double,double)" (?MouseMove@@YAXPAUGLFWwindow@@NN@Z)
PhongFace.obj : error LNK2019: unresolved external symbol _glfwGetCursorPos referenced in function "void __cdecl MouseButton(struct GLFWwindow *,int,int,int)" (?MouseButton@@YAXPAUGLFWwindow@@HHH@Z)
PhongFace.obj : error LNK2019: unresolved external symbol _glfwSetKeyCallback referenced in function _main
PhongFace.obj : error LNK2019: unresolved external symbol _glfwSetMouseButtonCallback referenced in function _main
PhongFace.obj : error LNK2019: unresolved external symbol _glfwSetCursorPosCallback referenced in function _main
PhongFace.obj : error LNK2019: unresolved external symbol _glfwSetScrollCallback referenced in function _main
PhongFace.obj : error LNK2019: unresolved external symbol _glfwMakeContextCurrent referenced in function _main
PhongFace.obj : error LNK2019: unresolved external symbol _glfwSwapBuffers referenced in function _main
PhongFace.obj : error LNK2019: unresolved external symbol _glfwGetProcAddress referenced in function _main
C:\Program Files (x86)\Microsoft Visual Studio\2017\Enterprise\VC\Tools\MSVC\14.16.27023\lib\x86\glfw3.lib : warning LNK4272: library machine type 'x64' conflicts with target machine type 'x86'
C:\Users\Toaster 3.0\Desktop\Graphics\Apps\Debug\Apps.exe : fatal error LNK1120: 17 unresolved externals
